# JRE version: OpenJDK Runtime Environment (8.0_181-b13) (build 1.8.0_181-8u181-b13-0ubuntu0.16.04.1-b13)
# Java VM: OpenJDK 64-Bit Server VM (25.181-b13 mixed mode linux-amd64 compressed oops)
Heap:
 def new generation   total 78656K, used 0K [0x00000000c0000000, 0x00000000c5550000, 0x00000000d5550000)
  eden space 69952K,   0% used [0x00000000c0000000, 0x00000000c0000000, 0x00000000c4450000)
  from space 8704K,   0% used [0x00000000c4cd0000, 0x00000000c4cd0000, 0x00000000c5550000)
  to   space 8704K,   0% used [0x00000000c4450000, 0x00000000c4450000, 0x00000000c4cd0000)
 tenured generation   total 191016K, used 162108K [0x00000000d5550000, 0x00000000e0fda000, 0x0000000100000000)
   the space 191016K,  84% used [0x00000000d5550000, 0x00000000df39f0a8, 0x00000000df39f200, 0x00000000e0fda000)
 Metaspace       used 91735K, capacity 93621K, committed 94552K, reserved 1132544K
  class space    used 11864K, capacity 12194K, committed 12376K, reserved 1048576K
GC Heap History (10 events):
Event: 84.682 GC heap after
Heap after GC invocations=567 (full 14):
 def new generation   total 78656K, used 4229K [0x00000000c0000000, 0x00000000c5550000, 0x00000000d5550000)
  eden space 69952K,   0% used [0x00000000c0000000, 0x00000000c0000000, 0x00000000c4450000)
  from space 8704K,  48% used [0x00000000c4450000, 0x00000000c4871470, 0x00000000c4cd0000)
  to   space 8704K,   0% used [0x00000000c4cd0000, 0x00000000c4cd0000, 0x00000000c5550000)
 tenured generation   total 174628K, used 135171K [0x00000000d5550000, 0x00000000dffd9000, 0x0000000100000000)
   the space 174628K,  77% used [0x00000000d5550000, 0x00000000dd950e40, 0x00000000dd951000, 0x00000000dffd9000)
 Metaspace       used 91699K, capacity 93545K, committed 94552K, reserved 1132544K
  class space    used 11862K, capacity 12192K, committed 12376K, reserved 1048576K
}
Event: 84.784 GC heap before
{Heap before GC invocations=567 (full 14):
 def new generation   total 78656K, used 74181K [0x00000000c0000000, 0x00000000c5550000, 0x00000000d5550000)
  eden space 69952K, 100% used [0x00000000c0000000, 0x00000000c4450000, 0x00000000c4450000)
  from space 8704K,  48% used [0x00000000c4450000, 0x00000000c4871470, 0x00000000c4cd0000)
  to   space 8704K,   0% used [0x00000000c4cd0000, 0x00000000c4cd0000, 0x00000000c5550000)
 tenured generation   total 174628K, used 135171K [0x00000000d5550000, 0x00000000dffd9000, 0x0000000100000000)
   the space 174628K,  77% used [0x00000000d5550000, 0x00000000dd950e40, 0x00000000dd951000, 0x00000000dffd9000)
 Metaspace       used 91701K, capacity 93545K, committed 94552K, reserved 1132544K
  class space    used 11862K, capacity 12192K, committed 12376K, reserved 1048576K
Event: 84.847 GC heap after
Heap after GC invocations=568 (full 14):
 def new generation   total 78656K, used 4279K [0x00000000c0000000, 0x00000000c5550000, 0x00000000d5550000)
  eden space 69952K,   0% used [0x00000000c0000000, 0x00000000c0000000, 0x00000000c4450000)
  from space 8704K,  49% used [0x00000000c4cd0000, 0x00000000c50fdd60, 0x00000000c5550000)
  to   space 8704K,   0% used [0x00000000c4450000, 0x00000000c4450000, 0x00000000c4cd0000)
 tenured generation   total 174628K, used 151555K [0x00000000d5550000, 0x00000000dffd9000, 0x0000000100000000)
   the space 174628K,  86% used [0x00000000d5550000, 0x00000000de950e50, 0x00000000de951000, 0x00000000dffd9000)
 Metaspace       used 91701K, capacity 93545K, committed 94552K, reserved 1132544K
  class space    used 11862K, capacity 12192K, committed 12376K, reserved 1048576K
}
Event: 85.121 GC heap before
{Heap before GC invocations=568 (full 14):
 def new generation   total 78656K, used 72656K [0x00000000c0000000, 0x00000000c5550000, 0x00000000d5550000)
  eden space 69952K,  97% used [0x00000000c0000000, 0x00000000c42c6470, 0x00000000c4450000)
  from space 8704K,  49% used [0x00000000c4cd0000, 0x00000000c50fdd60, 0x00000000c5550000)
  to   space 8704K,   0% used [0x00000000c4450000, 0x00000000c4450000, 0x00000000c4cd0000)
 tenured generation   total 174628K, used 151555K [0x00000000d5550000, 0x00000000dffd9000, 0x0000000100000000)
   the space 174628K,  86% used [0x00000000d5550000, 0x00000000de950e50, 0x00000000de951000, 0x00000000dffd9000)
 Metaspace       used 91717K, capacity 93609K, committed 94552K, reserved 1132544K
  class space    used 11863K, capacity 12192K, committed 12376K, reserved 1048576K
Event: 85.126 GC heap after
Heap after GC invocations=569 (full 14):
 def new generation   total 78656K, used 3165K [0x00000000c0000000, 0x00000000c5550000, 0x00000000d5550000)
  eden space 69952K,   0% used [0x00000000c0000000, 0x00000000c0000000, 0x00000000c4450000)
  from space 8704K,  36% used [0x00000000c4450000, 0x00000000c47674f8, 0x00000000c4cd0000)
  to   space 8704K,   0% used [0x00000000c4cd0000, 0x00000000c4cd0000, 0x00000000c5550000)
 tenured generation   total 174628K, used 151555K [0x00000000d5550000, 0x00000000dffd9000, 0x0000000100000000)
   the space 174628K,  86% used [0x00000000d5550000, 0x00000000de950e50, 0x00000000de951000, 0x00000000dffd9000)
 Metaspace       used 91717K, capacity 93609K, committed 94552K, reserved 1132544K
  class space    used 11863K, capacity 12192K, committed 12376K, reserved 1048576K
}
Event: 85.218 GC heap before
{Heap before GC invocations=569 (full 14):
 def new generation   total 78656K, used 73117K [0x00000000c0000000, 0x00000000c5550000, 0x00000000d5550000)
  eden space 69952K, 100% used [0x00000000c0000000, 0x00000000c4450000, 0x00000000c4450000)
  from space 8704K,  36% used [0x00000000c4450000, 0x00000000c47674f8, 0x00000000c4cd0000)
  to   space 8704K,   0% used [0x00000000c4cd0000, 0x00000000c4cd0000, 0x00000000c5550000)
 tenured generation   total 174628K, used 151555K [0x00000000d5550000, 0x00000000dffd9000, 0x0000000100000000)
   the space 174628K,  86% used [0x00000000d5550000, 0x00000000de950e50, 0x00000000de951000, 0x00000000dffd9000)
 Metaspace       used 91719K, capacity 93609K, committed 94552K, reserved 1132544K
  class space    used 11863K, capacity 12192K, committed 12376K, reserved 1048576K
Event: 85.313 GC heap after
Heap after GC invocations=570 (full 14):
 def new generation   total 78656K, used 5583K [0x00000000c0000000, 0x00000000c5550000, 0x00000000d5550000)
  eden space 69952K,   0% used [0x00000000c0000000, 0x00000000c0000000, 0x00000000c4450000)
  from space 8704K,  64% used [0x00000000c4cd0000, 0x00000000c5243d28, 0x00000000c5550000)
  to   space 8704K,   0% used [0x00000000c4450000, 0x00000000c4450000, 0x00000000c4cd0000)
 tenured generation   total 174628K, used 167939K [0x00000000d5550000, 0x00000000dffd9000, 0x0000000100000000)
   the space 174628K,  96% used [0x00000000d5550000, 0x00000000df950e60, 0x00000000df951000, 0x00000000dffd9000)
 Metaspace       used 91719K, capacity 93609K, committed 94552K, reserved 1132544K
  class space    used 11863K, capacity 12192K, committed 12376K, reserved 1048576K
}
Event: 85.510 GC heap before
{Heap before GC invocations=570 (full 14):
 def new generation   total 78656K, used 74911K [0x00000000c0000000, 0x00000000c5550000, 0x00000000d5550000)
  eden space 69952K,  99% used [0x00000000c0000000, 0x00000000c43b3ed8, 0x00000000c4450000)
  from space 8704K,  64% used [0x00000000c4cd0000, 0x00000000c5243d28, 0x00000000c5550000)
  to   space 8704K,   0% used [0x00000000c4450000, 0x00000000c4450000, 0x00000000c4cd0000)
 tenured generation   total 174628K, used 167939K [0x00000000d5550000, 0x00000000dffd9000, 0x0000000100000000)
   the space 174628K,  96% used [0x00000000d5550000, 0x00000000df950e60, 0x00000000df951000, 0x00000000dffd9000)
 Metaspace       used 91733K, capacity 93621K, committed 94552K, reserved 1132544K
  class space    used 11864K, capacity 12194K, committed 12376K, reserved 1048576K
Event: 85.531 GC heap after
Heap after GC invocations=571 (full 14):
 def new generation   total 78656K, used 1661K [0x00000000c0000000, 0x00000000c5550000, 0x00000000d5550000)
  eden space 69952K,   0% used [0x00000000c0000000, 0x00000000c0000000, 0x00000000c4450000)
  from space 8704K,  19% used [0x00000000c4450000, 0x00000000c45ef4e8, 0x00000000c4cd0000)
  to   space 8704K,   0% used [0x00000000c4cd0000, 0x00000000c4cd0000, 0x00000000c5550000)
 tenured generation   total 174628K, used 169798K [0x00000000d5550000, 0x00000000dffd9000, 0x0000000100000000)
   the space 174628K,  97% used [0x00000000d5550000, 0x00000000dfb21a38, 0x00000000dfb21c00, 0x00000000dffd9000)
 Metaspace       used 91733K, capacity 93621K, committed 94552K, reserved 1132544K
  class space    used 11864K, capacity 12194K, committed 12376K, reserved 1048576K
}
Event: 85.674 GC heap before
{Heap before GC invocations=571 (full 14):
 def new generation   total 78656K, used 71613K [0x00000000c0000000, 0x00000000c5550000, 0x00000000d5550000)
  eden space 69952K, 100% used [0x00000000c0000000, 0x00000000c4450000, 0x00000000c4450000)
  from space 8704K,  19% used [0x00000000c4450000, 0x00000000c45ef4e8, 0x00000000c4cd0000)
  to   space 8704K,   0% used [0x00000000c4cd0000, 0x00000000c4cd0000, 0x00000000c5550000)
 tenured generation   total 174628K, used 169798K [0x00000000d5550000, 0x00000000dffd9000, 0x0000000100000000)
   the space 174628K,  97% used [0x00000000d5550000, 0x00000000dfb21a38, 0x00000000dfb21c00, 0x00000000dffd9000)
 Metaspace       used 91735K, capacity 93621K, committed 94552K, reserved 1132544K
  class space    used 11864K, capacity 12194K, committed 12376K, reserved 1048576K

