# JRE version: OpenJDK Runtime Environment (8.0_181-b13) (build 1.8.0_181-8u181-b13-0ubuntu0.16.04.1-b13)
# Java VM: OpenJDK 64-Bit Server VM (25.181-b13 mixed mode linux-amd64 compressed oops)
Heap:
 def new generation   total 110336K, used 98189K [0x00000000c0000000, 0x00000000c77b0000, 0x00000000d5550000)
  eden space 98112K, 100% used [0x00000000c0000000, 0x00000000c5fd0000, 0x00000000c5fd0000)
  from space 12224K,   0% used [0x00000000c5fd0000, 0x00000000c5fe3408, 0x00000000c6bc0000)
  to   space 12224K,  99% used [0x00000000c6bc0000, 0x00000000c77afff8, 0x00000000c77b0000)
 tenured generation   total 248116K, used 248115K [0x00000000d5550000, 0x00000000e479d000, 0x0000000100000000)
   the space 248116K,  99% used [0x00000000d5550000, 0x00000000e479cf98, 0x00000000e479d000, 0x00000000e479d000)
 Metaspace       used 89356K, capacity 90853K, committed 91096K, reserved 1128448K
  class space    used 11698K, capacity 11962K, committed 11992K, reserved 1048576K
GC Heap History (10 events):
Event: 492.840 GC heap after
Heap after GC invocations=402 (full 15):
 def new generation   total 110336K, used 12223K [0x00000000c0000000, 0x00000000c77b0000, 0x00000000d5550000)
  eden space 98112K,   0% used [0x00000000c0000000, 0x00000000c0000000, 0x00000000c5fd0000)
  from space 12224K,  99% used [0x00000000c5fd0000, 0x00000000c6bbfff0, 0x00000000c6bc0000)
  to   space 12224K,   0% used [0x00000000c6bc0000, 0x00000000c6bc0000, 0x00000000c77b0000)
 tenured generation   total 245044K, used 170148K [0x00000000d5550000, 0x00000000e449d000, 0x0000000100000000)
   the space 245044K,  69% used [0x00000000d5550000, 0x00000000dfb79038, 0x00000000dfb79200, 0x00000000e449d000)
 Metaspace       used 89349K, capacity 90847K, committed 91096K, reserved 1128448K
  class space    used 11697K, capacity 11961K, committed 11992K, reserved 1048576K
}
Event: 493.222 GC heap before
{Heap before GC invocations=402 (full 15):
 def new generation   total 110336K, used 109889K [0x00000000c0000000, 0x00000000c77b0000, 0x00000000d5550000)
  eden space 98112K,  99% used [0x00000000c0000000, 0x00000000c5f60508, 0x00000000c5fd0000)
  from space 12224K,  99% used [0x00000000c5fd0000, 0x00000000c6bbfff0, 0x00000000c6bc0000)
  to   space 12224K,   0% used [0x00000000c6bc0000, 0x00000000c6bc0000, 0x00000000c77b0000)
 tenured generation   total 245044K, used 170148K [0x00000000d5550000, 0x00000000e449d000, 0x0000000100000000)
   the space 245044K,  69% used [0x00000000d5550000, 0x00000000dfb79038, 0x00000000dfb79200, 0x00000000e449d000)
 Metaspace       used 89355K, capacity 90853K, committed 91096K, reserved 1128448K
  class space    used 11698K, capacity 11962K, committed 11992K, reserved 1048576K
Event: 493.230 GC heap after
Heap after GC invocations=403 (full 15):
 def new generation   total 110336K, used 3159K [0x00000000c0000000, 0x00000000c77b0000, 0x00000000d5550000)
  eden space 98112K,   0% used [0x00000000c0000000, 0x00000000c0000000, 0x00000000c5fd0000)
  from space 12224K,  25% used [0x00000000c6bc0000, 0x00000000c6ed5e40, 0x00000000c77b0000)
  to   space 12224K,   0% used [0x00000000c5fd0000, 0x00000000c5fd0000, 0x00000000c6bc0000)
 tenured generation   total 245044K, used 171135K [0x00000000d5550000, 0x00000000e449d000, 0x0000000100000000)
   the space 245044K,  69% used [0x00000000d5550000, 0x00000000dfc6ff98, 0x00000000dfc70000, 0x00000000e449d000)
 Metaspace       used 89355K, capacity 90853K, committed 91096K, reserved 1128448K
  class space    used 11698K, capacity 11962K, committed 11992K, reserved 1048576K
}
Event: 493.614 GC heap before
{Heap before GC invocations=403 (full 15):
 def new generation   total 110336K, used 101271K [0x00000000c0000000, 0x00000000c77b0000, 0x00000000d5550000)
  eden space 98112K, 100% used [0x00000000c0000000, 0x00000000c5fd0000, 0x00000000c5fd0000)
  from space 12224K,  25% used [0x00000000c6bc0000, 0x00000000c6ed5e40, 0x00000000c77b0000)
  to   space 12224K,   0% used [0x00000000c5fd0000, 0x00000000c5fd0000, 0x00000000c6bc0000)
 tenured generation   total 245044K, used 171135K [0x00000000d5550000, 0x00000000e449d000, 0x0000000100000000)
   the space 245044K,  69% used [0x00000000d5550000, 0x00000000dfc6ff98, 0x00000000dfc70000, 0x00000000e449d000)
 Metaspace       used 89355K, capacity 90853K, committed 91096K, reserved 1128448K
  class space    used 11698K, capacity 11962K, committed 11992K, reserved 1048576K
Event: 493.630 GC heap after
Heap after GC invocations=404 (full 15):
 def new generation   total 110336K, used 7083K [0x00000000c0000000, 0x00000000c77b0000, 0x00000000d5550000)
  eden space 98112K,   0% used [0x00000000c0000000, 0x00000000c0000000, 0x00000000c5fd0000)
  from space 12224K,  57% used [0x00000000c5fd0000, 0x00000000c66bac40, 0x00000000c6bc0000)
  to   space 12224K,   0% used [0x00000000c6bc0000, 0x00000000c6bc0000, 0x00000000c77b0000)
 tenured generation   total 245044K, used 194143K [0x00000000d5550000, 0x00000000e449d000, 0x0000000100000000)
   the space 245044K,  79% used [0x00000000d5550000, 0x00000000e12e7fb8, 0x00000000e12e8000, 0x00000000e449d000)
 Metaspace       used 89355K, capacity 90853K, committed 91096K, reserved 1128448K
  class space    used 11698K, capacity 11962K, committed 11992K, reserved 1048576K
}
Event: 494.043 GC heap before
{Heap before GC invocations=404 (full 15):
 def new generation   total 110336K, used 105195K [0x00000000c0000000, 0x00000000c77b0000, 0x00000000d5550000)
  eden space 98112K, 100% used [0x00000000c0000000, 0x00000000c5fd0000, 0x00000000c5fd0000)
  from space 12224K,  57% used [0x00000000c5fd0000, 0x00000000c66bac40, 0x00000000c6bc0000)
  to   space 12224K,   0% used [0x00000000c6bc0000, 0x00000000c6bc0000, 0x00000000c77b0000)
 tenured generation   total 245044K, used 194143K [0x00000000d5550000, 0x00000000e449d000, 0x0000000100000000)
   the space 245044K,  79% used [0x00000000d5550000, 0x00000000e12e7fb8, 0x00000000e12e8000, 0x00000000e449d000)
 Metaspace       used 89355K, capacity 90853K, committed 91096K, reserved 1128448K
  class space    used 11698K, capacity 11962K, committed 11992K, reserved 1048576K
Event: 494.143 GC heap after
Heap after GC invocations=405 (full 15):
 def new generation   total 110336K, used 12223K [0x00000000c0000000, 0x00000000c77b0000, 0x00000000d5550000)
  eden space 98112K,   0% used [0x00000000c0000000, 0x00000000c0000000, 0x00000000c5fd0000)
  from space 12224K,  99% used [0x00000000c6bc0000, 0x00000000c77afff8, 0x00000000c77b0000)
  to   space 12224K,   0% used [0x00000000c5fd0000, 0x00000000c5fd0000, 0x00000000c6bc0000)
 tenured generation   total 245044K, used 233181K [0x00000000d5550000, 0x00000000e449d000, 0x0000000100000000)
   the space 245044K,  95% used [0x00000000d5550000, 0x00000000e39075c0, 0x00000000e3907600, 0x00000000e449d000)
 Metaspace       used 89355K, capacity 90853K, committed 91096K, reserved 1128448K
  class space    used 11698K, capacity 11962K, committed 11992K, reserved 1048576K
}
Event: 497.596 GC heap before
{Heap before GC invocations=405 (full 15):
 def new generation   total 110336K, used 110335K [0x00000000c0000000, 0x00000000c77b0000, 0x00000000d5550000)
  eden space 98112K, 100% used [0x00000000c0000000, 0x00000000c5fd0000, 0x00000000c5fd0000)
  from space 12224K,  99% used [0x00000000c6bc0000, 0x00000000c77afff8, 0x00000000c77b0000)
  to   space 12224K,   0% used [0x00000000c5fd0000, 0x00000000c5fd0000, 0x00000000c6bc0000)
 tenured generation   total 245044K, used 233181K [0x00000000d5550000, 0x00000000e449d000, 0x0000000100000000)
   the space 245044K,  95% used [0x00000000d5550000, 0x00000000e39075c0, 0x00000000e3907600, 0x00000000e449d000)
 Metaspace       used 89355K, capacity 90853K, committed 91096K, reserved 1128448K
  class space    used 11698K, capacity 11962K, committed 11992K, reserved 1048576K
Event: 497.920 GC heap after
Heap after GC invocations=406 (full 15):
 def new generation   total 110336K, used 77K [0x00000000c0000000, 0x00000000c77b0000, 0x00000000d5550000)
  eden space 98112K,   0% used [0x00000000c0000000, 0x00000000c0000000, 0x00000000c5fd0000)
  from space 12224K,   0% used [0x00000000c5fd0000, 0x00000000c5fe3408, 0x00000000c6bc0000)
  to   space 12224K,   0% used [0x00000000c6bc0000, 0x00000000c6bc0000, 0x00000000c77b0000)
 tenured generation   total 245044K, used 239045K [0x00000000d5550000, 0x00000000e449d000, 0x0000000100000000)
   the space 245044K,  97% used [0x00000000d5550000, 0x00000000e3ec17c8, 0x00000000e3ec1800, 0x00000000e449d000)
 Metaspace       used 89355K, capacity 90853K, committed 91096K, reserved 1128448K
  class space    used 11698K, capacity 11962K, committed 11992K, reserved 1048576K
}
Event: 518.917 GC heap before
{Heap before GC invocations=406 (full 15):
 def new generation   total 110336K, used 98189K [0x00000000c0000000, 0x00000000c77b0000, 0x00000000d5550000)
  eden space 98112K, 100% used [0x00000000c0000000, 0x00000000c5fd0000, 0x00000000c5fd0000)
  from space 12224K,   0% used [0x00000000c5fd0000, 0x00000000c5fe3408, 0x00000000c6bc0000)
  to   space 12224K,   0% used [0x00000000c6bc0000, 0x00000000c6bc0000, 0x00000000c77b0000)
 tenured generation   total 245044K, used 239045K [0x00000000d5550000, 0x00000000e449d000, 0x0000000100000000)
   the space 245044K,  97% used [0x00000000d5550000, 0x00000000e3ec17c8, 0x00000000e3ec1800, 0x00000000e449d000)
 Metaspace       used 89356K, capacity 90853K, committed 91096K, reserved 1128448K
  class space    used 11698K, capacity 11962K, committed 11992K, reserved 1048576K

