# JRE version: OpenJDK Runtime Environment (8.0_181-b13) (build 1.8.0_181-8u181-b13-0ubuntu0.16.04.1-b13)
# Java VM: OpenJDK 64-Bit Server VM (25.181-b13 mixed mode linux-amd64 compressed oops)
Heap:
 def new generation   total 87232K, used 0K [0x00000000c0000000, 0x00000000c5ea0000, 0x00000000d5550000)
  eden space 77568K,   0% used [0x00000000c0000000, 0x00000000c0000000, 0x00000000c4bc0000)
  from space 9664K,   0% used [0x00000000c4bc0000, 0x00000000c4bc0000, 0x00000000c5530000)
  to   space 9664K,   0% used [0x00000000c5530000, 0x00000000c5530000, 0x00000000c5ea0000)
 tenured generation   total 204880K, used 171638K [0x00000000d5550000, 0x00000000e1d64000, 0x0000000100000000)
   the space 204880K,  83% used [0x00000000d5550000, 0x00000000dfced950, 0x00000000dfceda00, 0x00000000e1d64000)
 Metaspace       used 88624K, capacity 90099K, committed 90328K, reserved 1128448K
  class space    used 11688K, capacity 11944K, committed 11992K, reserved 1048576K
GC Heap History (10 events):
Event: 58.894 GC heap after
Heap after GC invocations=265 (full 12):
 def new generation   total 87232K, used 9664K [0x00000000c0000000, 0x00000000c5ea0000, 0x00000000d5550000)
  eden space 77568K,   0% used [0x00000000c0000000, 0x00000000c0000000, 0x00000000c4bc0000)
  from space 9664K, 100% used [0x00000000c5530000, 0x00000000c5ea0000, 0x00000000c5ea0000)
  to   space 9664K,   0% used [0x00000000c4bc0000, 0x00000000c4bc0000, 0x00000000c5530000)
 tenured generation   total 193744K, used 131765K [0x00000000d5550000, 0x00000000e1284000, 0x0000000100000000)
   the space 193744K,  68% used [0x00000000d5550000, 0x00000000dd5fd718, 0x00000000dd5fd800, 0x00000000e1284000)
 Metaspace       used 88580K, capacity 90029K, committed 90328K, reserved 1128448K
  class space    used 11687K, capacity 11943K, committed 11992K, reserved 1048576K
}
Event: 59.134 GC heap before
{Heap before GC invocations=265 (full 12):
 def new generation   total 87232K, used 83379K [0x00000000c0000000, 0x00000000c5ea0000, 0x00000000d5550000)
  eden space 77568K,  95% used [0x00000000c0000000, 0x00000000c47fcde0, 0x00000000c4bc0000)
  from space 9664K, 100% used [0x00000000c5530000, 0x00000000c5ea0000, 0x00000000c5ea0000)
  to   space 9664K,   0% used [0x00000000c4bc0000, 0x00000000c4bc0000, 0x00000000c5530000)
 tenured generation   total 193744K, used 131765K [0x00000000d5550000, 0x00000000e1284000, 0x0000000100000000)
   the space 193744K,  68% used [0x00000000d5550000, 0x00000000dd5fd718, 0x00000000dd5fd800, 0x00000000e1284000)
 Metaspace       used 88590K, capacity 90093K, committed 90328K, reserved 1128448K
  class space    used 11687K, capacity 11943K, committed 11992K, reserved 1048576K
Event: 59.169 GC heap after
Heap after GC invocations=266 (full 12):
 def new generation   total 87232K, used 9664K [0x00000000c0000000, 0x00000000c5ea0000, 0x00000000d5550000)
  eden space 77568K,   0% used [0x00000000c0000000, 0x00000000c0000000, 0x00000000c4bc0000)
  from space 9664K, 100% used [0x00000000c4bc0000, 0x00000000c5530000, 0x00000000c5530000)
  to   space 9664K,   0% used [0x00000000c5530000, 0x00000000c5530000, 0x00000000c5ea0000)
 tenured generation   total 193744K, used 145180K [0x00000000d5550000, 0x00000000e1284000, 0x0000000100000000)
   the space 193744K,  74% used [0x00000000d5550000, 0x00000000de317098, 0x00000000de317200, 0x00000000e1284000)
 Metaspace       used 88590K, capacity 90093K, committed 90328K, reserved 1128448K
  class space    used 11687K, capacity 11943K, committed 11992K, reserved 1048576K
}
Event: 59.376 GC heap before
{Heap before GC invocations=266 (full 12):
 def new generation   total 87232K, used 87113K [0x00000000c0000000, 0x00000000c5ea0000, 0x00000000d5550000)
  eden space 77568K,  99% used [0x00000000c0000000, 0x00000000c4ba26c0, 0x00000000c4bc0000)
  from space 9664K, 100% used [0x00000000c4bc0000, 0x00000000c5530000, 0x00000000c5530000)
  to   space 9664K,   0% used [0x00000000c5530000, 0x00000000c5530000, 0x00000000c5ea0000)
 tenured generation   total 193744K, used 145180K [0x00000000d5550000, 0x00000000e1284000, 0x0000000100000000)
   the space 193744K,  74% used [0x00000000d5550000, 0x00000000de317098, 0x00000000de317200, 0x00000000e1284000)
 Metaspace       used 88596K, capacity 90099K, committed 90328K, reserved 1128448K
  class space    used 11688K, capacity 11944K, committed 11992K, reserved 1048576K
Event: 59.379 GC heap after
Heap after GC invocations=267 (full 12):
 def new generation   total 87232K, used 990K [0x00000000c0000000, 0x00000000c5ea0000, 0x00000000d5550000)
  eden space 77568K,   0% used [0x00000000c0000000, 0x00000000c0000000, 0x00000000c4bc0000)
  from space 9664K,  10% used [0x00000000c5530000, 0x00000000c56278c8, 0x00000000c5ea0000)
  to   space 9664K,   0% used [0x00000000c4bc0000, 0x00000000c4bc0000, 0x00000000c5530000)
 tenured generation   total 193744K, used 145704K [0x00000000d5550000, 0x00000000e1284000, 0x0000000100000000)
   the space 193744K,  75% used [0x00000000d5550000, 0x00000000de39a218, 0x00000000de39a400, 0x00000000e1284000)
 Metaspace       used 88596K, capacity 90099K, committed 90328K, reserved 1128448K
  class space    used 11688K, capacity 11944K, committed 11992K, reserved 1048576K
}
Event: 59.598 GC heap before
{Heap before GC invocations=267 (full 12):
 def new generation   total 87232K, used 78558K [0x00000000c0000000, 0x00000000c5ea0000, 0x00000000d5550000)
  eden space 77568K, 100% used [0x00000000c0000000, 0x00000000c4bc0000, 0x00000000c4bc0000)
  from space 9664K,  10% used [0x00000000c5530000, 0x00000000c56278c8, 0x00000000c5ea0000)
  to   space 9664K,   0% used [0x00000000c4bc0000, 0x00000000c4bc0000, 0x00000000c5530000)
 tenured generation   total 193744K, used 145704K [0x00000000d5550000, 0x00000000e1284000, 0x0000000100000000)
   the space 193744K,  75% used [0x00000000d5550000, 0x00000000de39a218, 0x00000000de39a400, 0x00000000e1284000)
 Metaspace       used 88606K, capacity 90099K, committed 90328K, reserved 1128448K
  class space    used 11688K, capacity 11944K, committed 11992K, reserved 1048576K
Event: 59.605 GC heap after
Heap after GC invocations=268 (full 12):
 def new generation   total 87232K, used 9442K [0x00000000c0000000, 0x00000000c5ea0000, 0x00000000d5550000)
  eden space 77568K,   0% used [0x00000000c0000000, 0x00000000c0000000, 0x00000000c4bc0000)
  from space 9664K,  97% used [0x00000000c4bc0000, 0x00000000c54f8888, 0x00000000c5530000)
  to   space 9664K,   0% used [0x00000000c5530000, 0x00000000c5530000, 0x00000000c5ea0000)
 tenured generation   total 193744K, used 151336K [0x00000000d5550000, 0x00000000e1284000, 0x0000000100000000)
   the space 193744K,  78% used [0x00000000d5550000, 0x00000000de91a238, 0x00000000de91a400, 0x00000000e1284000)
 Metaspace       used 88606K, capacity 90099K, committed 90328K, reserved 1128448K
  class space    used 11688K, capacity 11944K, committed 11992K, reserved 1048576K
}
Event: 59.812 GC heap before
{Heap before GC invocations=268 (full 12):
 def new generation   total 87232K, used 86694K [0x00000000c0000000, 0x00000000c5ea0000, 0x00000000d5550000)
  eden space 77568K,  99% used [0x00000000c0000000, 0x00000000c4b71280, 0x00000000c4bc0000)
  from space 9664K,  97% used [0x00000000c4bc0000, 0x00000000c54f8888, 0x00000000c5530000)
  to   space 9664K,   0% used [0x00000000c5530000, 0x00000000c5530000, 0x00000000c5ea0000)
 tenured generation   total 193744K, used 151336K [0x00000000d5550000, 0x00000000e1284000, 0x0000000100000000)
   the space 193744K,  78% used [0x00000000d5550000, 0x00000000de91a238, 0x00000000de91a400, 0x00000000e1284000)
 Metaspace       used 88623K, capacity 90099K, committed 90328K, reserved 1128448K
  class space    used 11688K, capacity 11944K, committed 11992K, reserved 1048576K
Event: 59.827 GC heap after
Heap after GC invocations=269 (full 12):
 def new generation   total 87232K, used 9663K [0x00000000c0000000, 0x00000000c5ea0000, 0x00000000d5550000)
  eden space 77568K,   0% used [0x00000000c0000000, 0x00000000c0000000, 0x00000000c4bc0000)
  from space 9664K,  99% used [0x00000000c5530000, 0x00000000c5e9fff8, 0x00000000c5ea0000)
  to   space 9664K,   0% used [0x00000000c4bc0000, 0x00000000c4bc0000, 0x00000000c5530000)
 tenured generation   total 193744K, used 169057K [0x00000000d5550000, 0x00000000e1284000, 0x0000000100000000)
   the space 193744K,  87% used [0x00000000d5550000, 0x00000000dfa684b8, 0x00000000dfa68600, 0x00000000e1284000)
 Metaspace       used 88623K, capacity 90099K, committed 90328K, reserved 1128448K
  class space    used 11688K, capacity 11944K, committed 11992K, reserved 1048576K
}
Event: 60.072 GC heap before
{Heap before GC invocations=269 (full 12):
 def new generation   total 87232K, used 87231K [0x00000000c0000000, 0x00000000c5ea0000, 0x00000000d5550000)
  eden space 77568K, 100% used [0x00000000c0000000, 0x00000000c4bc0000, 0x00000000c4bc0000)
  from space 9664K,  99% used [0x00000000c5530000, 0x00000000c5e9fff8, 0x00000000c5ea0000)
  to   space 9664K,   0% used [0x00000000c4bc0000, 0x00000000c4bc0000, 0x00000000c5530000)
 tenured generation   total 193744K, used 169057K [0x00000000d5550000, 0x00000000e1284000, 0x0000000100000000)
   the space 193744K,  87% used [0x00000000d5550000, 0x00000000dfa684b8, 0x00000000dfa68600, 0x00000000e1284000)
 Metaspace       used 88624K, capacity 90099K, committed 90328K, reserved 1128448K
  class space    used 11688K, capacity 11944K, committed 11992K, reserved 1048576K

